[28Dec2024 00:01:40.945] [Server thread/WARN] [net.minecraft.server.MinecraftServer/]: Can't keep up! Is the server overloaded? Running 2002ms or 40 ticks behind
[28Dec2024 00:01:41.960] [Server thread/INFO] [net.minecraft.server.MinecraftServer/]: F1STO3 fell from a high place
[28Dec2024 00:01:42.108] [Server thread/INFO] [tombstone/]: The player F1STO3 has successfully been saved
[28Dec2024 00:02:23.995] [Server thread/WARN] [net.minecraft.server.MinecraftServer/]: Can't keep up! Is the server overloaded? Running 2002ms or 40 ticks behind
[28Dec2024 00:02:42.520] [Server thread/WARN] [net.minecraft.server.MinecraftServer/]: Can't keep up! Is the server overloaded? Running 3527ms or 70 ticks behind
[28Dec2024 00:03:00.165] [Server thread/WARN] [net.minecraft.server.MinecraftServer/]: Can't keep up! Is the server overloaded? Running 2672ms or 53 ticks behind
[28Dec2024 00:03:19.364] [Server thread/WARN] [net.minecraft.server.MinecraftServer/]: Can't keep up! Is the server overloaded? Running 2021ms or 40 ticks behind
[28Dec2024 00:03:37.621] [Server thread/WARN] [net.minecraft.server.MinecraftServer/]: Can't keep up! Is the server overloaded? Running 3278ms or 65 ticks behind
[28Dec2024 00:03:56.230] [Server thread/WARN] [net.minecraft.server.MinecraftServer/]: Can't keep up! Is the server overloaded? Running 3636ms or 72 ticks behind
[28Dec2024 00:04:15.207] [Server thread/WARN] [net.minecraft.server.MinecraftServer/]: Can't keep up! Is the server overloaded? Running 4014ms or 80 ticks behind
[28Dec2024 00:04:33.458] [Server thread/WARN] [net.minecraft.server.MinecraftServer/]: Can't keep up! Is the server overloaded? Running 3265ms or 65 ticks behind
[28Dec2024 00:05:15.360] [Server thread/WARN] [net.minecraft.server.MinecraftServer/]: Can't keep up! Is the server overloaded? Running 2017ms or 40 ticks behind
[28Dec2024 00:05:32.588] [Server thread/WARN] [net.minecraft.server.MinecraftServer/]: Can't keep up! Is the server overloaded? Running 2245ms or 44 ticks behind
[28Dec2024 00:05:59.144] [Server thread/WARN] [net.minecraft.server.MinecraftServer/]: Can't keep up! Is the server overloaded? Running 2001ms or 40 ticks behind
[28Dec2024 00:06:19.043] [Server thread/WARN] [net.minecraft.server.MinecraftServer/]: Can't keep up! Is the server overloaded? Running 4900ms or 98 ticks behind
[28Dec2024 00:06:46.351] [Server thread/WARN] [net.minecraft.server.MinecraftServer/]: Can't keep up! Is the server overloaded? Running 2008ms or 40 ticks behind
[28Dec2024 00:07:03.636] [Server thread/WARN] [net.minecraft.server.MinecraftServer/]: Can't keep up! Is the server overloaded? Running 2293ms or 45 ticks behind
[28Dec2024 00:07:23.091] [Server thread/WARN] [net.minecraft.server.MinecraftServer/]: Can't keep up! Is the server overloaded? Running 4498ms or 89 ticks behind
[28Dec2024 00:07:41.481] [Server thread/WARN] [net.minecraft.server.MinecraftServer/]: Can't keep up! Is the server overloaded? Running 3438ms or 68 ticks behind
[28Dec2024 00:07:58.993] [Server thread/WARN] [net.minecraft.server.MinecraftServer/]: Can't keep up! Is the server overloaded? Running 2550ms or 51 ticks behind
[28Dec2024 00:08:17.455] [Server thread/WARN] [net.minecraft.server.MinecraftServer/]: Can't keep up! Is the server overloaded? Running 3462ms or 69 ticks behind
[28Dec2024 00:08:40.205] [Server thread/WARN] [net.minecraft.server.MinecraftServer/]: Can't keep up! Is the server overloaded? Running 7761ms or 155 ticks behind
[28Dec2024 00:08:58.515] [Server thread/INFO] [net.minecraft.server.MinecraftServer/]: Dargnelx has made the advancement [Ambush]
[28Dec2024 00:09:02.658] [Server thread/WARN] [net.minecraft.server.MinecraftServer/]: Can't keep up! Is the server overloaded? Running 7465ms or 149 ticks behind
[28Dec2024 00:09:24.622] [Server thread/WARN] [net.minecraft.server.MinecraftServer/]: Can't keep up! Is the server overloaded? Running 6979ms or 139 ticks behind
[28Dec2024 00:09:25.418] [Server thread/INFO] [net.minecraft.server.MinecraftServer/]: J31SS0N has made the advancement [Who You Gonna Call?]
[28Dec2024 00:09:30.494] [Server thread/INFO] [net.minecraft.server.MinecraftServer/]: F1STO3 was squished too much
[28Dec2024 00:09:30.502] [Server thread/INFO] [net.minecraft.server.MinecraftServer/]: F1STO3 has completed the challenge [Well, that was disgusting]
[28Dec2024 00:09:30.582] [Server thread/INFO] [tombstone/]: The player F1STO3 has successfully been saved
[28Dec2024 00:09:47.564] [Server thread/WARN] [net.minecraft.server.MinecraftServer/]: Can't keep up! Is the server overloaded? Running 7971ms or 159 ticks behind
[28Dec2024 00:10:10.744] [Server thread/WARN] [net.minecraft.server.MinecraftServer/]: Can't keep up! Is the server overloaded? Running 8201ms or 164 ticks behind
[28Dec2024 00:10:34.796] [Server thread/WARN] [net.minecraft.server.MinecraftServer/]: Can't keep up! Is the server overloaded? Running 9052ms or 181 ticks behind
[28Dec2024 00:10:55.590] [Server thread/WARN] [net.minecraft.server.MinecraftServer/]: Can't keep up! Is the server overloaded? Running 5797ms or 115 ticks behind
[28Dec2024 00:11:02.115] [Server thread/INFO] [net.minecraft.server.MinecraftServer/]: J31SS0N was slain by Ghost
[28Dec2024 00:11:02.135] [Server thread/INFO] [tombstone/]: The player J31SS0N has successfully been saved
[28Dec2024 00:11:15.344] [Server thread/WARN] [net.minecraft.server.MinecraftServer/]: Can't keep up! Is the server overloaded? Running 4801ms or 96 ticks behind
[28Dec2024 00:11:35.742] [Server thread/WARN] [net.minecraft.server.MinecraftServer/]: Can't keep up! Is the server overloaded? Running 5399ms or 107 ticks behind
[28Dec2024 00:11:55.059] [Server thread/WARN] [net.minecraft.server.MinecraftServer/]: Can't keep up! Is the server overloaded? Running 4365ms or 87 ticks behind
[28Dec2024 00:12:14.022] [Server thread/WARN] [net.minecraft.server.MinecraftServer/]: Can't keep up! Is the server overloaded? Running 3979ms or 79 ticks behind
[28Dec2024 00:12:33.728] [Server thread/WARN] [net.minecraft.server.MinecraftServer/]: Can't keep up! Is the server overloaded? Running 4735ms or 94 ticks behind
[28Dec2024 00:12:53.577] [Server thread/WARN] [net.minecraft.server.MinecraftServer/]: Can't keep up! Is the server overloaded? Running 4884ms or 97 ticks behind
[28Dec2024 00:13:16.214] [Server thread/WARN] [net.minecraft.server.MinecraftServer/]: Can't keep up! Is the server overloaded? Running 7671ms or 153 ticks behind
[28Dec2024 00:13:36.385] [Server thread/WARN] [net.minecraft.server.MinecraftServer/]: Can't keep up! Is the server overloaded? Running 5192ms or 103 ticks behind
[28Dec2024 00:13:56.929] [Server thread/WARN] [net.minecraft.server.MinecraftServer/]: Can't keep up! Is the server overloaded? Running 5586ms or 111 ticks behind
[28Dec2024 00:14:15.857] [Server thread/WARN] [net.minecraft.server.MinecraftServer/]: Can't keep up! Is the server overloaded? Running 3964ms or 79 ticks behind
[28Dec2024 00:14:36.331] [Server thread/WARN] [net.minecraft.server.MinecraftServer/]: Can't keep up! Is the server overloaded? Running 5488ms or 109 ticks behind
[28Dec2024 00:14:58.538] [Server thread/WARN] [net.minecraft.server.MinecraftServer/]: Can't keep up! Is the server overloaded? Running 7245ms or 144 ticks behind
[28Dec2024 00:15:19.142] [Server thread/WARN] [net.minecraft.server.MinecraftServer/]: Can't keep up! Is the server overloaded? Running 5649ms or 112 ticks behind
[28Dec2024 00:15:44.201] [Server thread/WARN] [net.minecraft.server.MinecraftServer/]: Can't keep up! Is the server overloaded? Running 10107ms or 202 ticks behind
[28Dec2024 00:16:08.256] [Server thread/WARN] [net.minecraft.server.MinecraftServer/]: Can't keep up! Is the server overloaded? Running 9063ms or 181 ticks behind
[28Dec2024 00:16:33.663] [Server thread/WARN] [net.minecraft.server.MinecraftServer/]: Can't keep up! Is the server overloaded? Running 10420ms or 208 ticks behind
[28Dec2024 00:16:59.545] [Server thread/WARN] [net.minecraft.server.MinecraftServer/]: Can't keep up! Is the server overloaded? Running 10902ms or 218 ticks behind
[28Dec2024 00:17:18.767] [Server thread/WARN] [net.minecraft.server.MinecraftServer/]: Can't keep up! Is the server overloaded? Running 4224ms or 84 ticks behind
[28Dec2024 00:17:42.251] [Server thread/WARN] [net.minecraft.server.MinecraftServer/]: Can't keep up! Is the server overloaded? Running 8508ms or 170 ticks behind
[28Dec2024 00:17:43.344] [Server thread/INFO] [net.minecraft.world.entity.npc.Villager/]: Villager VillagerEntityMCA['Haimar'/10271, l='ServerLevel[world]', x=1364.62, y=81.00, z=-453.97] died, message: 'Haimar was turned to ice by Ice Dragon'
[28Dec2024 00:17:43.346] [Server thread/INFO] [net.minecraft.world.entity.LivingEntity/]: Named entity VillagerEntityMCA['Haimar'/10271, l='ServerLevel[world]', x=1364.62, y=81.00, z=-453.97] died: Haimar was turned to ice by Ice Dragon
[28Dec2024 00:17:50.328] [Server thread/INFO] [net.minecraft.server.network.ServerGamePacketListenerImpl/]: J31SS0N lost connection: Disconnected
[28Dec2024 00:17:50.329] [Server thread/INFO] [net.minecraft.server.MinecraftServer/]: J31SS0N left the game
[28Dec2024 00:17:55.501] [Server thread/INFO] [net.minecraft.server.MinecraftServer/]: Dargnelx has made the advancement [Minecraft Comes Alive]
[28Dec2024 00:17:57.879] [User Authenticator #4/INFO] [net.minecraft.server.network.ServerLoginPacketListenerImpl/]: UUID of player J31SS0N is 244a29a3-9eb6-4e8e-829a-d0f6c14fdc43
[28Dec2024 00:18:04.649] [Server thread/INFO] [net.minecraft.world.entity.npc.Villager/]: Villager VillagerEntityMCA['Emil'/5952, l='ServerLevel[world]', x=1597.42, y=74.44, z=558.57] died, message: 'Emil went up in flames'
[28Dec2024 00:18:04.650] [Server thread/INFO] [net.minecraft.world.entity.LivingEntity/]: Named entity VillagerEntityMCA['Emil'/5952, l='ServerLevel[world]', x=1597.42, y=74.44, z=558.57] died: Emil went up in flames
[28Dec2024 00:18:05.786] [Server thread/INFO] [net.minecraft.server.players.PlayerList/]: J31SS0N[/100.120.231.79:64601] logged in with entity id 16736 at (95.30000001192093, 218.0, 79.86250001192093)
[28Dec2024 00:18:05.905] [Server thread/INFO] [net.minecraft.server.MinecraftServer/]: J31SS0N joined the game
[28Dec2024 00:18:08.493] [Server thread/WARN] [net.minecraft.server.MinecraftServer/]: Can't keep up! Is the server overloaded? Running 11250ms or 225 ticks behind
[28Dec2024 00:18:09.543] [Server thread/INFO] [net.minecraft.world.entity.npc.Villager/]: Villager VillagerEntityMCA['Elo'/10295, l='ServerLevel[world]', x=1333.81, y=80.50, z=-452.00] died, message: 'Elo walked into a cactus whilst trying to escape Ice Dragon'
[28Dec2024 00:18:09.544] [Server thread/INFO] [net.minecraft.world.entity.LivingEntity/]: Named entity VillagerEntityMCA['Elo'/10295, l='ServerLevel[world]', x=1333.81, y=80.50, z=-452.00] died: Elo walked into a cactus whilst trying to escape Ice Dragon
[28Dec2024 00:18:10.386] [Server thread/INFO] [net.minecraft.world.entity.npc.Villager/]: Villager VillagerEntityMCA['Mark'/10386, l='ServerLevel[world]', x=1336.30, y=79.50, z=-451.50] died, message: 'Mark was pricked to death'
[28Dec2024 00:18:10.387] [Server thread/INFO] [net.minecraft.world.entity.LivingEntity/]: Named entity VillagerEntityMCA['Mark'/10386, l='ServerLevel[world]', x=1336.30, y=79.50, z=-451.50] died: Mark was pricked to death
[28Dec2024 00:18:18.290] [Server thread/INFO] [net.minecraft.world.entity.npc.Villager/]: Villager VillagerEntityMCA['Ionuţ'/6187, l='ServerLevel[world]', x=1617.52, y=84.44, z=614.71] died, message: 'Ionuţ went up in flames'
[28Dec2024 00:18:18.291] [Server thread/INFO] [net.minecraft.world.entity.LivingEntity/]: Named entity VillagerEntityMCA['Ionuţ'/6187, l='ServerLevel[world]', x=1617.52, y=84.44, z=614.71] died: Ionuţ went up in flames
[28Dec2024 00:18:19.747] [Server thread/INFO] [net.minecraft.world.entity.npc.Villager/]: Villager VillagerEntityMCA['Arnold'/10383, l='ServerLevel[world]', x=1338.47, y=70.94, z=-482.70] died, message: 'Arnold was turned to ice by Ice Dragon'
[28Dec2024 00:18:19.748] [Server thread/INFO] [net.minecraft.world.entity.LivingEntity/]: Named entity VillagerEntityMCA['Arnold'/10383, l='ServerLevel[world]', x=1338.47, y=70.94, z=-482.70] died: Arnold was turned to ice by Ice Dragon
[28Dec2024 00:18:24.198] [Server thread/INFO] [net.minecraft.world.entity.npc.Villager/]: Villager VillagerEntityMCA['Juri'/10296, l='ServerLevel[world]', x=1349.12, y=79.00, z=-456.13] died, message: 'Juri was frozen by Ice Dragon'
[28Dec2024 00:18:24.198] [Server thread/INFO] [net.minecraft.world.entity.LivingEntity/]: Named entity VillagerEntityMCA['Juri'/10296, l='ServerLevel[world]', x=1349.12, y=79.00, z=-456.13] died: Juri was frozen by Ice Dragon
[28Dec2024 00:18:30.255] [Server thread/INFO] [net.minecraft.world.entity.npc.Villager/]: Villager VillagerEntityMCA['Rein'/10560, l='ServerLevel[world]', x=1360.14, y=75.00, z=-519.17] died, message: 'Rein was turned to ice by Ice Dragon'
[28Dec2024 00:18:30.255] [Server thread/INFO] [net.minecraft.world.entity.LivingEntity/]: Named entity VillagerEntityMCA['Rein'/10560, l='ServerLevel[world]', x=1360.14, y=75.00, z=-519.17] died: Rein was turned to ice by Ice Dragon
[28Dec2024 00:18:30.580] [Server thread/WARN] [net.minecraft.server.MinecraftServer/]: Can't keep up! Is the server overloaded? Running 7087ms or 141 ticks behind
[28Dec2024 00:18:35.670] [Server thread/INFO] [net.minecraft.world.entity.npc.Villager/]: Villager VillagerEntityMCA['Margarita'/10556, l='ServerLevel[world]', x=1355.46, y=69.94, z=-503.55] died, message: 'Margarita was frozen by Ice Dragon'
[28Dec2024 00:18:35.671] [Server thread/INFO] [net.minecraft.world.entity.LivingEntity/]: Named entity VillagerEntityMCA['Margarita'/10556, l='ServerLevel[world]', x=1355.46, y=69.94, z=-503.55] died: Margarita was frozen by Ice Dragon
[28Dec2024 00:18:36.354] [Server thread/INFO] [net.minecraft.world.entity.npc.Villager/]: Villager VillagerEntityMCA['Felita'/10555, l='ServerLevel[world]', x=1353.68, y=69.94, z=-504.71] died, message: 'Felita was frozen by Ice Dragon'
[28Dec2024 00:18:36.354] [Server thread/INFO] [net.minecraft.world.entity.LivingEntity/]: Named entity VillagerEntityMCA['Felita'/10555, l='ServerLevel[world]', x=1353.68, y=69.94, z=-504.71] died: Felita was turned to ice by Ice Dragon
[28Dec2024 00:18:45.388] [Server thread/INFO] [net.minecraft.world.entity.npc.Villager/]: Villager VillagerEntityMCA['Krista'/10561, l='ServerLevel[world]', x=1352.64, y=69.50, z=-502.67] died, message: 'Krista walked into a cactus whilst trying to escape Ice Dragon'
[28Dec2024 00:18:45.388] [Server thread/INFO] [net.minecraft.world.entity.LivingEntity/]: Named entity VillagerEntityMCA['Krista'/10561, l='ServerLevel[world]', x=1352.64, y=69.50, z=-502.67] died: Krista walked into a cactus whilst trying to escape Ice Dragon
[28Dec2024 00:18:51.205] [Server thread/WARN] [net.minecraft.server.MinecraftServer/]: Can't keep up! Is the server overloaded? Running 5662ms or 113 ticks behind
[28Dec2024 00:19:13.020] [Server thread/WARN] [net.minecraft.server.MinecraftServer/]: Can't keep up! Is the server overloaded? Running 6826ms or 136 ticks behind
[28Dec2024 00:19:31.032] [Server thread/INFO] [net.minecraft.world.entity.npc.Villager/]: Villager VillagerEntityMCA['Haimar'/10559, l='ServerLevel[world]', x=1357.59, y=70.00, z=-504.90] died, message: 'Haimar was turned to ice by Ice Dragon'
[28Dec2024 00:19:31.033] [Server thread/INFO] [net.minecraft.world.entity.LivingEntity/]: Named entity VillagerEntityMCA['Haimar'/10559, l='ServerLevel[world]', x=1357.59, y=70.00, z=-504.90] died: Haimar was frozen by Ice Dragon
[28Dec2024 00:19:34.962] [Worker-Main-3/ERROR] [net.minecraft.world.entity.decoration.HangingEntity/]: Hanging entity at invalid position: BlockPos{x=-250, y=27, z=-536}
[28Dec2024 00:19:34.963] [Worker-Main-3/ERROR] [net.minecraft.world.entity.decoration.HangingEntity/]: Hanging entity at invalid position: BlockPos{x=-251, y=27, z=-536}
[28Dec2024 00:19:34.963] [Worker-Main-3/ERROR] [net.minecraft.world.entity.decoration.HangingEntity/]: Hanging entity at invalid position: BlockPos{x=-252, y=27, z=-536}
[28Dec2024 00:19:34.964] [Worker-Main-3/ERROR] [net.minecraft.world.entity.decoration.HangingEntity/]: Hanging entity at invalid position: BlockPos{x=-250, y=28, z=-536}
[28Dec2024 00:19:34.964] [Worker-Main-3/ERROR] [net.minecraft.world.entity.decoration.HangingEntity/]: Hanging entity at invalid position: BlockPos{x=-251, y=28, z=-536}
[28Dec2024 00:19:34.964] [Worker-Main-3/ERROR] [net.minecraft.world.entity.decoration.HangingEntity/]: Hanging entity at invalid position: BlockPos{x=-252, y=28, z=-536}
[28Dec2024 00:19:36.262] [Worker-Main-2/ERROR] [net.minecraft.world.entity.decoration.HangingEntity/]: Hanging entity at invalid position: BlockPos{x=-355, y=26, z=-545}
[28Dec2024 00:19:36.262] [Worker-Main-2/ERROR] [net.minecraft.world.entity.decoration.HangingEntity/]: Hanging entity at invalid position: BlockPos{x=-355, y=26, z=-541}
[28Dec2024 00:19:41.686] [Server thread/INFO] [net.minecraft.world.entity.npc.Villager/]: Villager VillagerEntityMCA['Elmut'/10385, l='ServerLevel[world]', x=1357.63, y=80.81, z=-459.31] died, message: 'Elmut was frozen by Ice Dragon'
[28Dec2024 00:19:41.687] [Server thread/INFO] [net.minecraft.world.entity.LivingEntity/]: Named entity VillagerEntityMCA['Elmut'/10385, l='ServerLevel[world]', x=1357.63, y=80.81, z=-459.31] died: Elmut was frozen by Ice Dragon
[28Dec2024 00:19:41.741] [Server thread/WARN] [net.minecraft.server.MinecraftServer/]: Can't keep up! Is the server overloaded? Running 13748ms or 274 ticks behind
[28Dec2024 00:19:41.952] [Worker-Main-3/ERROR] [net.minecraft.world.entity.decoration.HangingEntity/]: Hanging entity at invalid position: BlockPos{x=-249, y=27, z=-561}
[28Dec2024 00:19:45.289] [Server thread/INFO] [net.minecraft.server.MinecraftServer/]: F1STO3 has made the advancement [Minecraft Comes Alive]
[28Dec2024 00:19:46.756] [Server thread/INFO] [net.minecraft.world.entity.npc.Villager/]: Villager VillagerEntityMCA['Floriana'/5913, l='ServerLevel[world]', x=1597.43, y=74.44, z=558.54] died, message: 'Floriana went up in flames'
[28Dec2024 00:19:46.757] [Server thread/INFO] [net.minecraft.world.entity.LivingEntity/]: Named entity VillagerEntityMCA['Floriana'/5913, l='ServerLevel[world]', x=1597.43, y=74.44, z=558.54] died: Floriana went up in flames
[28Dec2024 00:20:05.153] [Server thread/WARN] [net.minecraft.server.MinecraftServer/]: Can't keep up! Is the server overloaded? Running 8460ms or 169 ticks behind
[28Dec2024 00:20:07.789] [Worker-Main-3/ERROR] [net.minecraft.world.entity.decoration.HangingEntity/]: Hanging entity at invalid position: BlockPos{x=-249, y=27, z=-561}
[28Dec2024 00:20:29.711] [Server thread/WARN] [net.minecraft.server.MinecraftServer/]: Can't keep up! Is the server overloaded? Running 9568ms or 191 ticks behind
[28Dec2024 00:20:54.920] [Server thread/WARN] [net.minecraft.server.MinecraftServer/]: Can't keep up! Is the server overloaded? Running 10226ms or 204 ticks behind
[28Dec2024 00:21:17.275] [Server thread/WARN] [net.minecraft.server.MinecraftServer/]: Can't keep up! Is the server overloaded? Running 7382ms or 147 ticks behind
[28Dec2024 00:21:19.325] [Server thread/INFO] [net.minecraft.world.entity.npc.Villager/]: Villager VillagerEntityMCA['Liliana'/6051, l='ServerLevel[world]', x=1617.42, y=84.44, z=614.72] died, message: 'Liliana went up in flames'
[28Dec2024 00:21:19.325] [Server thread/INFO] [net.minecraft.world.entity.LivingEntity/]: Named entity VillagerEntityMCA['Liliana'/6051, l='ServerLevel[world]', x=1617.42, y=84.44, z=614.72] died: Liliana went up in flames
[28Dec2024 00:21:40.609] [Server thread/WARN] [net.minecraft.server.MinecraftServer/]: Can't keep up! Is the server overloaded? Running 8366ms or 167 ticks behind
[28Dec2024 00:21:46.405] [Worker-Main-1/ERROR] [net.minecraft.world.entity.decoration.HangingEntity/]: Hanging entity at invalid position: BlockPos{x=-234, y=32, z=-539}
[28Dec2024 00:21:46.426] [Worker-Main-1/ERROR] [net.minecraft.world.entity.decoration.HangingEntity/]: Hanging entity at invalid position: BlockPos{x=-386, y=26, z=-612}
[28Dec2024 00:21:46.426] [Worker-Main-1/ERROR] [net.minecraft.world.entity.decoration.HangingEntity/]: Hanging entity at invalid position: BlockPos{x=-386, y=27, z=-612}
[28Dec2024 00:21:46.426] [Worker-Main-1/ERROR] [net.minecraft.world.entity.decoration.HangingEntity/]: Hanging entity at invalid position: BlockPos{x=-386, y=28, z=-612}
[28Dec2024 00:21:46.427] [Worker-Main-1/ERROR] [net.minecraft.world.entity.decoration.HangingEntity/]: Hanging entity at invalid position: BlockPos{x=-386, y=26, z=-610}
[28Dec2024 00:21:46.427] [Worker-Main-1/ERROR] [net.minecraft.world.entity.decoration.HangingEntity/]: Hanging entity at invalid position: BlockPos{x=-386, y=27, z=-610}
[28Dec2024 00:21:46.427] [Worker-Main-1/ERROR] [net.minecraft.world.entity.decoration.HangingEntity/]: Hanging entity at invalid position: BlockPos{x=-386, y=28, z=-610}
[28Dec2024 00:21:46.428] [Worker-Main-1/ERROR] [net.minecraft.world.entity.decoration.HangingEntity/]: Hanging entity at invalid position: BlockPos{x=-382, y=27, z=-614}
[28Dec2024 00:21:46.428] [Worker-Main-1/ERROR] [net.minecraft.world.entity.decoration.HangingEntity/]: Hanging entity at invalid position: BlockPos{x=-382, y=26, z=-614}
[28Dec2024 00:21:46.428] [Worker-Main-1/ERROR] [net.minecraft.world.entity.decoration.HangingEntity/]: Hanging entity at invalid position: BlockPos{x=-382, y=28, z=-614}
[28Dec2024 00:21:46.428] [Worker-Main-1/ERROR] [net.minecraft.world.entity.decoration.HangingEntity/]: Hanging entity at invalid position: BlockPos{x=-384, y=26, z=-614}
[28Dec2024 00:21:46.428] [Worker-Main-1/ERROR] [net.minecraft.world.entity.decoration.HangingEntity/]: Hanging entity at invalid position: BlockPos{x=-384, y=27, z=-614}
[28Dec2024 00:21:46.429] [Worker-Main-1/ERROR] [net.minecraft.world.entity.decoration.HangingEntity/]: Hanging entity at invalid position: BlockPos{x=-384, y=28, z=-614}
[28Dec2024 00:21:46.429] [Worker-Main-1/ERROR] [net.minecraft.world.entity.decoration.HangingEntity/]: Hanging entity at invalid position: BlockPos{x=-382, y=29, z=-611}
[28Dec2024 00:21:46.429] [Worker-Main-1/ERROR] [net.minecraft.world.entity.decoration.HangingEntity/]: Hanging entity at invalid position: BlockPos{x=-380, y=26, z=-610}
[28Dec2024 00:21:46.429] [Worker-Main-1/ERROR] [net.minecraft.world.entity.decoration.HangingEntity/]: Hanging entity at invalid position: BlockPos{x=-380, y=27, z=-610}
[28Dec2024 00:21:46.430] [Worker-Main-1/ERROR] [net.minecraft.world.entity.decoration.HangingEntity/]: Hanging entity at invalid position: BlockPos{x=-380, y=28, z=-610}
[28Dec2024 00:21:46.430] [Worker-Main-1/ERROR] [net.minecraft.world.entity.decoration.HangingEntity/]: Hanging entity at invalid position: BlockPos{x=-380, y=26, z=-612}
[28Dec2024 00:21:46.430] [Worker-Main-1/ERROR] [net.minecraft.world.entity.decoration.HangingEntity/]: Hanging entity at invalid position: BlockPos{x=-380, y=27, z=-612}
[28Dec2024 00:21:46.430] [Worker-Main-1/ERROR] [net.minecraft.world.entity.decoration.HangingEntity/]: Hanging entity at invalid position: BlockPos{x=-380, y=28, z=-612}
[28Dec2024 00:21:46.431] [Worker-Main-1/ERROR] [net.minecraft.world.entity.decoration.HangingEntity/]: Hanging entity at invalid position: BlockPos{x=-382, y=26, z=-608}
[28Dec2024 00:21:46.431] [Worker-Main-1/ERROR] [net.minecraft.world.entity.decoration.HangingEntity/]: Hanging entity at invalid position: BlockPos{x=-382, y=27, z=-608}
[28Dec2024 00:21:46.431] [Worker-Main-1/ERROR] [net.minecraft.world.entity.decoration.HangingEntity/]: Hanging entity at invalid position: BlockPos{x=-382, y=28, z=-608}
[28Dec2024 00:21:46.431] [Worker-Main-1/ERROR] [net.minecraft.world.entity.decoration.HangingEntity/]: Hanging entity at invalid position: BlockPos{x=-384, y=26, z=-608}
[28Dec2024 00:21:46.431] [Worker-Main-1/ERROR] [net.minecraft.world.entity.decoration.HangingEntity/]: Hanging entity at invalid position: BlockPos{x=-384, y=27, z=-608}
[28Dec2024 00:21:46.432] [Worker-Main-1/ERROR] [net.minecraft.world.entity.decoration.HangingEntity/]: Hanging entity at invalid position: BlockPos{x=-384, y=28, z=-608}
[28Dec2024 00:21:46.787] [Worker-Main-3/ERROR] [net.minecraft.world.entity.decoration.HangingEntity/]: Hanging entity at invalid position: BlockPos{x=-235, y=27, z=-544}
[28Dec2024 00:21:46.903] [Worker-Main-2/ERROR] [net.minecraft.world.entity.decoration.HangingEntity/]: Hanging entity at invalid position: BlockPos{x=-309, y=29, z=-607}
[28Dec2024 00:22:06.680] [Server thread/WARN] [net.minecraft.server.MinecraftServer/]: Can't keep up! Is the server overloaded? Running 11087ms or 221 ticks behind
[28Dec2024 00:22:30.196] [Server thread/WARN] [net.minecraft.server.MinecraftServer/]: Can't keep up! Is the server overloaded? Running 8553ms or 171 ticks behind
[28Dec2024 00:22:47.061] [Worker-Main-3/ERROR] [net.minecraft.world.entity.decoration.HangingEntity/]: Hanging entity at invalid position: BlockPos{x=-309, y=29, z=-612}
[28Dec2024 00:22:53.899] [Server thread/WARN] [net.minecraft.server.MinecraftServer/]: Can't keep up! Is the server overloaded? Running 8706ms or 174 ticks behind
[28Dec2024 00:23:14.956] [Server thread/WARN] [net.minecraft.server.MinecraftServer/]: Can't keep up! Is the server overloaded? Running 6062ms or 121 ticks behind
[28Dec2024 00:23:24.179] [Server thread/INFO] [net.minecraft.server.MinecraftServer/]: F1STO3 was turned to ice by Ice Dragon
[28Dec2024 00:23:24.224] [Server thread/INFO] [tombstone/]: The player F1STO3 has successfully been saved
[28Dec2024 00:23:45.930] [Server thread/WARN] [net.minecraft.server.MinecraftServer/]: Can't keep up! Is the server overloaded? Running 15987ms or 319 ticks behind
[28Dec2024 00:24:05.452] [Server thread/WARN] [net.minecraft.server.MinecraftServer/]: Can't keep up! Is the server overloaded? Running 4559ms or 91 ticks behind
[28Dec2024 00:24:24.399] [Server thread/WARN] [net.minecraft.server.MinecraftServer/]: Can't keep up! Is the server overloaded? Running 3955ms or 79 ticks behind
[28Dec2024 00:24:44.869] [Server thread/WARN] [net.minecraft.server.MinecraftServer/]: Can't keep up! Is the server overloaded? Running 5476ms or 109 ticks behind
[28Dec2024 00:24:46.489] [Server thread/INFO] [net.minecraft.server.MinecraftServer/]: F1STO3 was doomed to fall
[28Dec2024 00:24:46.502] [Server thread/INFO] [tombstone/]: The player F1STO3 has successfully been saved
[28Dec2024 00:24:56.820] [Server thread/INFO] [net.minecraft.server.MinecraftServer/]: Dargnelx has made the advancement [Who You Gonna Call?]
[28Dec2024 00:25:05.671] [Server thread/WARN] [net.minecraft.server.MinecraftServer/]: Can't keep up! Is the server overloaded? Running 5827ms or 116 ticks behind
[28Dec2024 00:25:11.074] [Server thread/INFO] [net.minecraft.server.MinecraftServer/]: Dargnelx was slain by Ghost
[28Dec2024 00:25:11.098] [Server thread/INFO] [tombstone/]: The player Dargnelx has successfully been saved
[28Dec2024 00:25:26.559] [Server thread/WARN] [net.minecraft.server.MinecraftServer/]: Can't keep up! Is the server overloaded? Running 5915ms or 118 ticks behind
[28Dec2024 00:25:27.259] [Server thread/WARN] [net.minecraft.world.level.entity.PersistentEntitySectionManager/]: UUID of added entity already exists: FallingBlockEntity['Falling Hanging Coconut'/23771, l='ServerLevel[world]', x=1585.50, y=74.00, z=36.50]
[28Dec2024 00:25:43.708] [Server thread/WARN] [net.minecraft.server.MinecraftServer/]: Can't keep up! Is the server overloaded? Running 2164ms or 43 ticks behind
[28Dec2024 00:26:01.522] [Server thread/WARN] [net.minecraft.server.MinecraftServer/]: Can't keep up! Is the server overloaded? Running 2829ms or 56 ticks behind
[28Dec2024 00:26:10.042] [Server thread/INFO] [net.minecraft.server.MinecraftServer/]: Dargnelx was slain by Ghost
[28Dec2024 00:26:10.054] [Server thread/INFO] [tombstone/]: The player Dargnelx has successfully been saved
[28Dec2024 00:26:21.220] [Server thread/WARN] [net.minecraft.server.MinecraftServer/]: Can't keep up! Is the server overloaded? Running 4727ms or 94 ticks behind
[28Dec2024 00:26:39.649] [Server thread/WARN] [net.minecraft.server.MinecraftServer/]: Can't keep up! Is the server overloaded? Running 3456ms or 69 ticks behind
[28Dec2024 00:26:41.588] [Server thread/INFO] [net.minecraft.server.MinecraftServer/]: Dargnelx was slain by Ghost
[28Dec2024 00:26:41.662] [Server thread/INFO] [tombstone/]: The player Dargnelx has successfully been saved
